{"message":"user:577d15c4-e53c-4d97-b69d-e4b8eab9a658 - GET - /products?filter=&limit=8&page=1 - ip:::1","level":"info","timestamp":"2020-07-01T13:45:32.905Z"}
{"message":"user:577d15c4-e53c-4d97-b69d-e4b8eab9a658 - DELETE - /product/f820748a-92a3-43f1-8e20-9c8a62d0f9a6 - ip:::1","level":"info","timestamp":"2020-07-01T14:14:46.955Z"}
{"message":"user:577d15c4-e53c-4d97-b69d-e4b8eab9a658 - GET - /products?filter=&limit=8&page=1 - ip:::1","level":"info","timestamp":"2020-07-01T14:14:47.646Z"}
{"message":"user:17c72e4d-db3c-4a91-90ff-0c73c1e4432f - GET - /products?filter=&limit=8&page=1 - ip:::1","level":"info","timestamp":"2020-07-01T14:25:33.144Z"}
{"message":"user:17c72e4d-db3c-4a91-90ff-0c73c1e4432f - GET - /product/3dbb442e-ba45-401a-86a2-a8c02d00d551 - ip:::1","level":"info","timestamp":"2020-07-01T14:26:27.663Z"}
{"message":"user:17c72e4d-db3c-4a91-90ff-0c73c1e4432f - PUT - /product/3dbb442e-ba45-401a-86a2-a8c02d00d551 - ip:::1","level":"info","timestamp":"2020-07-01T14:26:34.486Z"}
{"message":"user:17c72e4d-db3c-4a91-90ff-0c73c1e4432f - GET - /products?filter=&limit=8&page=1 - ip:::1","level":"info","timestamp":"2020-07-01T14:26:34.565Z"}
{"message":"user:17c72e4d-db3c-4a91-90ff-0c73c1e4432f - DELETE - /product/3dbb442e-ba45-401a-86a2-a8c02d00d551 - ip:::1","level":"info","timestamp":"2020-07-01T14:26:52.674Z"}
{"message":"user:17c72e4d-db3c-4a91-90ff-0c73c1e4432f - GET - /products?filter=&limit=8&page=1 - ip:::1","level":"info","timestamp":"2020-07-01T14:26:52.767Z"}
{"message":"user:17c72e4d-db3c-4a91-90ff-0c73c1e4432f - POST - /products - ip:::1","level":"info","timestamp":"2020-07-01T14:28:15.439Z"}
{"message":"user:17c72e4d-db3c-4a91-90ff-0c73c1e4432f - GET - /products?filter=&limit=8&page=1 - ip:::1","level":"info","timestamp":"2020-07-01T14:28:15.610Z"}
{"message":"user:17c72e4d-db3c-4a91-90ff-0c73c1e4432f - GET - /products?filter=&limit=8&page=1 - ip:::1","level":"info","timestamp":"2020-07-01T14:29:14.781Z"}
{"message":"user:17c72e4d-db3c-4a91-90ff-0c73c1e4432f - GET - /products?filter=&limit=8&page=1 - ip:::1","level":"info","timestamp":"2020-07-01T14:30:54.177Z"}
{"message":"user:17c72e4d-db3c-4a91-90ff-0c73c1e4432f - GET - /products?filter=&limit=12&page=1 - ip:::1","level":"info","timestamp":"2020-07-01T14:32:44.649Z"}
{"message":"user:17c72e4d-db3c-4a91-90ff-0c73c1e4432f - POST - /products - ip:::1","level":"info","timestamp":"2020-07-01T14:33:36.238Z"}
{"message":"user:17c72e4d-db3c-4a91-90ff-0c73c1e4432f - POST - /products - ip:::1","level":"info","timestamp":"2020-07-01T14:34:12.716Z"}
{"message":"user:17c72e4d-db3c-4a91-90ff-0c73c1e4432f - POST - /products - ip:::1","level":"info","timestamp":"2020-07-01T14:37:41.939Z"}
{"message":"user:17c72e4d-db3c-4a91-90ff-0c73c1e4432f - GET - /products?filter=&limit=8&page=1 - ip:::1","level":"info","timestamp":"2020-07-01T14:37:42.136Z"}
{"message":"user:17c72e4d-db3c-4a91-90ff-0c73c1e4432f - GET - /products?filter=&limit=8&page=2 - ip:::1","level":"info","timestamp":"2020-07-01T14:37:50.360Z"}
{"message":"user:17c72e4d-db3c-4a91-90ff-0c73c1e4432f - GET - /products?filter=&limit=8&page=1 - ip:::1","level":"info","timestamp":"2020-07-01T14:38:03.505Z"}
{"message":"user:17c72e4d-db3c-4a91-90ff-0c73c1e4432f - GET - /products?filter=b&limit=8&page=1 - ip:::1","level":"info","timestamp":"2020-07-01T14:38:31.842Z"}
{"message":"user:17c72e4d-db3c-4a91-90ff-0c73c1e4432f - GET - /products?filter=ba&limit=8&page=1 - ip:::1","level":"info","timestamp":"2020-07-01T14:38:35.556Z"}
{"message":"user:17c72e4d-db3c-4a91-90ff-0c73c1e4432f - GET - /products?filter=bas&limit=8&page=1 - ip:::1","level":"info","timestamp":"2020-07-01T14:38:40.623Z"}
{"message":"user:17c72e4d-db3c-4a91-90ff-0c73c1e4432f - GET - /products?filter=ba&limit=8&page=1 - ip:::1","level":"info","timestamp":"2020-07-01T14:38:41.769Z"}
{"message":"user:17c72e4d-db3c-4a91-90ff-0c73c1e4432f - GET - /products?filter=b&limit=8&page=1 - ip:::1","level":"info","timestamp":"2020-07-01T14:38:42.012Z"}
{"message":"user:17c72e4d-db3c-4a91-90ff-0c73c1e4432f - GET - /products?filter=&limit=8&page=1 - ip:::1","level":"info","timestamp":"2020-07-01T14:38:42.178Z"}
{"message":"user:17c72e4d-db3c-4a91-90ff-0c73c1e4432f - GET - /products?filter=t&limit=8&page=1 - ip:::1","level":"info","timestamp":"2020-07-01T14:38:42.593Z"}
{"message":"user:17c72e4d-db3c-4a91-90ff-0c73c1e4432f - GET - /products?filter=te&limit=8&page=1 - ip:::1","level":"info","timestamp":"2020-07-01T14:38:43.132Z"}
{"message":"user:17c72e4d-db3c-4a91-90ff-0c73c1e4432f - GET - /products?filter=ten&limit=8&page=1 - ip:::1","level":"info","timestamp":"2020-07-01T14:38:44.776Z"}
{"message":"user:17c72e4d-db3c-4a91-90ff-0c73c1e4432f - GET - /products?filter=te&limit=8&page=1 - ip:::1","level":"info","timestamp":"2020-07-01T14:38:46.295Z"}
{"message":"user:17c72e4d-db3c-4a91-90ff-0c73c1e4432f - GET - /products?filter=t&limit=8&page=1 - ip:::1","level":"info","timestamp":"2020-07-01T14:38:46.787Z"}
{"message":"user:17c72e4d-db3c-4a91-90ff-0c73c1e4432f - GET - /products?filter=t%C3%AA&limit=8&page=1 - ip:::1","level":"info","timestamp":"2020-07-01T14:38:48.018Z"}
{"message":"user:17c72e4d-db3c-4a91-90ff-0c73c1e4432f - GET - /products?filter=t&limit=8&page=1 - ip:::1","level":"info","timestamp":"2020-07-01T14:38:52.100Z"}
{"message":"user:17c72e4d-db3c-4a91-90ff-0c73c1e4432f - GET - /products?filter=&limit=8&page=1 - ip:::1","level":"info","timestamp":"2020-07-01T14:38:52.937Z"}
{"message":"user:17c72e4d-db3c-4a91-90ff-0c73c1e4432f - GET - /products?filter=c&limit=8&page=1 - ip:::1","level":"info","timestamp":"2020-07-01T14:39:05.772Z"}
{"message":"user:17c72e4d-db3c-4a91-90ff-0c73c1e4432f - GET - /products?filter=ci&limit=8&page=1 - ip:::1","level":"info","timestamp":"2020-07-01T14:39:05.907Z"}
{"message":"user:17c72e4d-db3c-4a91-90ff-0c73c1e4432f - GET - /products?filter=cic&limit=8&page=1 - ip:::1","level":"info","timestamp":"2020-07-01T14:39:06.162Z"}
{"message":"user:17c72e4d-db3c-4a91-90ff-0c73c1e4432f - GET - /products?filter=cicl&limit=8&page=1 - ip:::1","level":"info","timestamp":"2020-07-01T14:39:06.264Z"}
{"message":"user:17c72e4d-db3c-4a91-90ff-0c73c1e4432f - GET - /products?filter=cicli&limit=8&page=1 - ip:::1","level":"info","timestamp":"2020-07-01T14:39:06.374Z"}
{"message":"user:17c72e4d-db3c-4a91-90ff-0c73c1e4432f - GET - /products?filter=cicl&limit=8&page=1 - ip:::1","level":"info","timestamp":"2020-07-01T14:39:07.668Z"}
{"message":"user:17c72e4d-db3c-4a91-90ff-0c73c1e4432f - GET - /products?filter=cic&limit=8&page=1 - ip:::1","level":"info","timestamp":"2020-07-01T14:39:07.885Z"}
{"message":"user:17c72e4d-db3c-4a91-90ff-0c73c1e4432f - GET - /products?filter=ci&limit=8&page=1 - ip:::1","level":"info","timestamp":"2020-07-01T14:39:08.041Z"}
{"message":"user:17c72e4d-db3c-4a91-90ff-0c73c1e4432f - GET - /products?filter=c&limit=8&page=1 - ip:::1","level":"info","timestamp":"2020-07-01T14:39:08.234Z"}
{"message":"user:17c72e4d-db3c-4a91-90ff-0c73c1e4432f - GET - /products?filter=&limit=8&page=1 - ip:::1","level":"info","timestamp":"2020-07-01T14:39:08.408Z"}
{"message":"user:17c72e4d-db3c-4a91-90ff-0c73c1e4432f - GET - /products?filter=C&limit=8&page=1 - ip:::1","level":"info","timestamp":"2020-07-01T14:39:09.126Z"}
{"message":"user:17c72e4d-db3c-4a91-90ff-0c73c1e4432f - GET - /products?filter=Co&limit=8&page=1 - ip:::1","level":"info","timestamp":"2020-07-01T14:39:09.761Z"}
{"message":"user:17c72e4d-db3c-4a91-90ff-0c73c1e4432f - GET - /products?filter=C&limit=8&page=1 - ip:::1","level":"info","timestamp":"2020-07-01T14:39:11.654Z"}
{"message":"user:17c72e4d-db3c-4a91-90ff-0c73c1e4432f - GET - /products?filter=Co&limit=8&page=1 - ip:::1","level":"info","timestamp":"2020-07-01T14:39:12.543Z"}
{"message":"user:17c72e4d-db3c-4a91-90ff-0c73c1e4432f - GET - /products?filter=Coc&limit=8&page=1 - ip:::1","level":"info","timestamp":"2020-07-01T14:39:12.939Z"}
{"message":"user:17c72e4d-db3c-4a91-90ff-0c73c1e4432f - GET - /products?filter=Cocl&limit=8&page=1 - ip:::1","level":"info","timestamp":"2020-07-01T14:39:13.037Z"}
{"message":"user:17c72e4d-db3c-4a91-90ff-0c73c1e4432f - GET - /products?filter=Coc&limit=8&page=1 - ip:::1","level":"info","timestamp":"2020-07-01T14:39:13.557Z"}
{"message":"user:17c72e4d-db3c-4a91-90ff-0c73c1e4432f - GET - /products?filter=Co&limit=8&page=1 - ip:::1","level":"info","timestamp":"2020-07-01T14:39:13.609Z"}
{"message":"user:17c72e4d-db3c-4a91-90ff-0c73c1e4432f - GET - /products?filter=C&limit=8&page=1 - ip:::1","level":"info","timestamp":"2020-07-01T14:39:13.812Z"}
{"message":"user:17c72e4d-db3c-4a91-90ff-0c73c1e4432f - GET - /products?filter=Ci&limit=8&page=1 - ip:::1","level":"info","timestamp":"2020-07-01T14:39:14.563Z"}
{"message":"user:17c72e4d-db3c-4a91-90ff-0c73c1e4432f - GET - /products?filter=Cic&limit=8&page=1 - ip:::1","level":"info","timestamp":"2020-07-01T14:39:15.172Z"}
{"message":"user:17c72e4d-db3c-4a91-90ff-0c73c1e4432f - GET - /products?filter=Cicl&limit=8&page=1 - ip:::1","level":"info","timestamp":"2020-07-01T14:39:15.241Z"}
{"message":"user:17c72e4d-db3c-4a91-90ff-0c73c1e4432f - GET - /products?filter=Cicli&limit=8&page=1 - ip:::1","level":"info","timestamp":"2020-07-01T14:39:15.334Z"}
{"message":"user:17c72e4d-db3c-4a91-90ff-0c73c1e4432f - GET - /products?filter=Cicl&limit=8&page=1 - ip:::1","level":"info","timestamp":"2020-07-01T14:39:16.555Z"}
{"message":"user:17c72e4d-db3c-4a91-90ff-0c73c1e4432f - GET - /products?filter=Cic&limit=8&page=1 - ip:::1","level":"info","timestamp":"2020-07-01T14:39:16.776Z"}
{"message":"user:17c72e4d-db3c-4a91-90ff-0c73c1e4432f - GET - /products?filter=Ci&limit=8&page=1 - ip:::1","level":"info","timestamp":"2020-07-01T14:39:16.906Z"}
{"message":"user:17c72e4d-db3c-4a91-90ff-0c73c1e4432f - GET - /products?filter=C&limit=8&page=1 - ip:::1","level":"info","timestamp":"2020-07-01T14:39:17.123Z"}
{"message":"user:17c72e4d-db3c-4a91-90ff-0c73c1e4432f - GET - /products?filter=&limit=8&page=1 - ip:::1","level":"info","timestamp":"2020-07-01T14:39:17.290Z"}
{"message":"user:46a7a554-bee4-4db7-9279-b4ac67ff2a60 - GET - /products?filter=&limit=8&page=1 - ip:::1","level":"info","timestamp":"2020-07-01T14:50:27.487Z"}
